2019-06-30 23:19:07 [scrapy.utils.log] INFO: Scrapy 1.6.0 started (bot: morizon_spider)
2019-06-30 23:19:07 [scrapy.utils.log] INFO: Versions: lxml 4.3.4.0, libxml2 2.9.9, cssselect 1.0.3, parsel 1.5.1, w3lib 1.20.0, Twisted 19.2.1, Python 3.6.8 (default, Jan 14 2019, 11:02:34) - [GCC 8.0.1 20180414 (experimental) [trunk revision 259383]], pyOpenSSL 19.0.0 (OpenSSL 1.1.1c  28 May 2019), cryptography 2.7, Platform Linux-4.18.0-24-generic-x86_64-with-Ubuntu-18.04-bionic
2019-06-30 23:19:07 [scrapy.crawler] INFO: Overridden settings: {'BOT_NAME': 'morizon_spider', 'FEED_FORMAT': 'csv', 'FEED_URI': 's3://1:1@morizon-data/%(name)s/%(time)s.csv', 'LOG_FILE': 'logs/morizon_spider/morizon_sale/affadff49b7c11e99f9b00dbdf373912.log', 'LOG_LEVEL': 'INFO', 'NEWSPIDER_MODULE': 'morizon_spider.spiders', 'SPIDER_MODULES': ['morizon_spider.spiders']}
2019-06-30 23:19:07 [scrapy.extensions.telnet] INFO: Telnet Password: 955d3eabb0f77957
2019-06-30 23:19:08 [py.warnings] WARNING: /usr/local/lib/python3.6/dist-packages/scrapy/utils/misc.py:144: ScrapyDeprecationWarning: Initialising `scrapy.extensions.feedexport.S3FeedStorage` without AWS keys is deprecated. Please supply credentials or use the `from_crawler()` constructor.
  return objcls(*args, **kwargs)

2019-06-30 23:19:08 [scrapy.middleware] INFO: Enabled extensions:
['scrapy.extensions.corestats.CoreStats',
 'scrapy.extensions.telnet.TelnetConsole',
 'scrapy.extensions.memusage.MemoryUsage',
 'scrapy.extensions.feedexport.FeedExporter',
 'scrapy.extensions.logstats.LogStats']
2019-06-30 23:19:08 [morizon_spider.date_utils] INFO: Found previous scraping date file...
2019-06-30 23:19:08 [morizon_spider.date_utils] INFO: 2019-06-29
2019-06-30 23:19:08 [morizon_spider.date_utils] INFO: Loaded previous scraping date from previous_scraping_dates.txt
2019-06-30 23:19:08 [morizon_spider.date_utils] INFO: Added 2019-06-29 as new previous scraping date
2019-06-30 23:19:08 [morizon_spider.date_utils] INFO: Updated previous_scraping_dates.txt
2019-06-30 23:19:08 [morizon_sale] INFO: Setting start_date to 2019-06-29...
2019-06-30 23:19:08 [morizon_sale] INFO: Setting end_date to 2019-06-29...
2019-06-30 23:19:08 [morizon_sale] INFO: Date diff = 0 days
2019-06-30 23:19:08 [morizon_sale] INFO: Setting date_filter string to "&ps%5Bdate_filter%5D=3"
2019-06-30 23:19:08 [scrapy.middleware] INFO: Enabled downloader middlewares:
['scrapy.downloadermiddlewares.httpauth.HttpAuthMiddleware',
 'scrapy.downloadermiddlewares.downloadtimeout.DownloadTimeoutMiddleware',
 'scrapy.downloadermiddlewares.defaultheaders.DefaultHeadersMiddleware',
 'scrapy.downloadermiddlewares.useragent.UserAgentMiddleware',
 'scrapy.downloadermiddlewares.retry.RetryMiddleware',
 'scrapy.downloadermiddlewares.redirect.MetaRefreshMiddleware',
 'scrapy.downloadermiddlewares.httpcompression.HttpCompressionMiddleware',
 'scrapy.downloadermiddlewares.redirect.RedirectMiddleware',
 'scrapy.downloadermiddlewares.cookies.CookiesMiddleware',
 'scrapy.downloadermiddlewares.httpproxy.HttpProxyMiddleware',
 'scrapy.downloadermiddlewares.stats.DownloaderStats']
2019-06-30 23:19:08 [scrapy.middleware] INFO: Enabled spider middlewares:
['scrapy.spidermiddlewares.httperror.HttpErrorMiddleware',
 'scrapy.spidermiddlewares.offsite.OffsiteMiddleware',
 'scrapy.spidermiddlewares.referer.RefererMiddleware',
 'scrapy.spidermiddlewares.urllength.UrlLengthMiddleware',
 'scrapy.spidermiddlewares.depth.DepthMiddleware']
2019-06-30 23:19:08 [scrapy.middleware] INFO: Enabled item pipelines:
['morizon_spider.pipelines.MorizonSpiderPipeline']
2019-06-30 23:19:08 [scrapy.core.engine] INFO: Spider opened
2019-06-30 23:19:08 [scrapy.extensions.logstats] INFO: Crawled 0 pages (at 0 pages/min), scraped 0 items (at 0 items/min)
2019-06-30 23:19:08 [scrapy.extensions.telnet] INFO: Telnet console listening on 127.0.0.1:6024
2019-06-30 23:19:19 [scrapy.core.scraper] ERROR: Error downloading <GET https://www.morizon.pl/mieszkania/?ps%5Bprice_from%5D=0&ps%5Bprice_to%5D=20000&ps%5Bdate_filter%5D=3>
Traceback (most recent call last):
  File "/usr/local/lib/python3.6/dist-packages/twisted/internet/defer.py", line 1416, in _inlineCallbacks
    result = result.throwExceptionIntoGenerator(g)
  File "/usr/local/lib/python3.6/dist-packages/twisted/python/failure.py", line 512, in throwExceptionIntoGenerator
    return g.throw(self.type, self.value, self.tb)
  File "/usr/local/lib/python3.6/dist-packages/scrapy/core/downloader/middleware.py", line 43, in process_request
    defer.returnValue((yield download_func(request=request,spider=spider)))
  File "/usr/local/lib/python3.6/dist-packages/twisted/internet/defer.py", line 654, in _runCallbacks
    current.result = callback(current.result, *args, **kw)
  File "/usr/local/lib/python3.6/dist-packages/twisted/internet/endpoints.py", line 975, in startConnectionAttempts
    "no results for hostname lookup: {}".format(self._hostStr)
twisted.internet.error.DNSLookupError: DNS lookup failed: no results for hostname lookup: www.morizon.pl.
2019-06-30 23:19:19 [scrapy.core.engine] INFO: Closing spider (finished)
2019-06-30 23:19:19 [scrapy.statscollectors] INFO: Dumping Scrapy stats:
{'downloader/exception_count': 3,
 'downloader/exception_type_count/twisted.internet.error.DNSLookupError': 3,
 'downloader/request_bytes': 870,
 'downloader/request_count': 3,
 'downloader/request_method_count/GET': 3,
 'finish_reason': 'finished',
 'finish_time': datetime.datetime(2019, 6, 30, 21, 19, 19, 180595),
 'log_count/ERROR': 1,
 'log_count/INFO': 18,
 'log_count/WARNING': 1,
 'memusage/max': 72167424,
 'memusage/startup': 72167424,
 'retry/count': 2,
 'retry/max_reached': 1,
 'retry/reason_count/twisted.internet.error.DNSLookupError': 2,
 'scheduler/dequeued': 3,
 'scheduler/dequeued/memory': 3,
 'scheduler/enqueued': 3,
 'scheduler/enqueued/memory': 3,
 'start_time': datetime.datetime(2019, 6, 30, 21, 19, 8, 702145)}
2019-06-30 23:19:19 [scrapy.core.engine] INFO: Spider closed (finished)
